c:\users\alex\documents\visual studio 2013\projects\lab8\lab8\debug\vc120.pdb
c:\users\alex\documents\visual studio 2013\projects\lab8\lab8\debug\vc120.idb
c:\users\alex\documents\visual studio 2013\projects\lab8\lab8\debug\ccolours.obj
c:\users\alex\documents\visual studio 2013\projects\lab8\lab8\debug\ccube.obj
c:\users\alex\documents\visual studio 2013\projects\lab8\lab8\debug\cfont.obj
c:\users\alex\documents\visual studio 2013\projects\lab8\lab8\debug\cfontmgr.obj
c:\users\alex\documents\visual studio 2013\projects\lab8\lab8\debug\cinputmgr.obj
c:\users\alex\documents\visual studio 2013\projects\lab8\lab8\debug\clight.obj
c:\users\alex\documents\visual studio 2013\projects\lab8\lab8\debug\cmaterial.obj
c:\users\alex\documents\visual studio 2013\projects\lab8\lab8\debug\cmodel.obj
c:\users\alex\documents\visual studio 2013\projects\lab8\lab8\debug\cmodelloader.obj
c:\users\alex\documents\visual studio 2013\projects\lab8\lab8\debug\cplayer.obj
c:\users\alex\documents\visual studio 2013\projects\lab8\lab8\debug\cpyramid.obj
c:\users\alex\documents\visual studio 2013\projects\lab8\lab8\debug\cshapes.obj
c:\users\alex\documents\visual studio 2013\projects\lab8\lab8\debug\csphere.obj
c:\users\alex\documents\visual studio 2013\projects\lab8\lab8\debug\cstarfield.obj
c:\users\alex\documents\visual studio 2013\projects\lab8\lab8\debug\ctexture.obj
c:\users\alex\documents\visual studio 2013\projects\lab8\lab8\debug\ctriangle.obj
c:\users\alex\documents\visual studio 2013\projects\lab8\lab8\debug\cwndmanager.obj
c:\users\alex\documents\visual studio 2013\projects\lab8\lab8\debug\gameconstants.obj
c:\users\alex\documents\visual studio 2013\projects\lab8\lab8\debug\studentmain.obj
c:\users\alex\documents\visual studio 2013\projects\lab8\lab8\debug\windowogl.obj
c:\users\alex\documents\visual studio 2013\projects\lab8\lab8\debug\ccamera.obj
c:\users\alex\documents\visual studio 2013\projects\lab8\lab8\debug\cshader.obj
c:\users\alex\documents\visual studio 2013\projects\lab8\lab8\debug\cshaderprogram.obj
c:\users\alex\documents\visual studio 2013\projects\lab8\lab8\debug\cwall.obj
c:\users\alex\documents\visual studio 2013\projects\lab8\lab8\debug\wallmanager.obj
c:\users\alex\documents\visual studio 2013\projects\lab8\lab8\debug\aienemy.obj
c:\users\alex\documents\visual studio 2013\projects\lab8\lab8\debug\shader.obj
c:\users\alex\documents\visual studio 2013\projects\lab8\lab8\debug\cfpscamera.obj
c:\users\alex\documents\visual studio 2013\projects\lab8\lab8\debug\ctopdowncamera.obj
c:\users\alex\documents\visual studio 2013\projects\lab8\debug\lab8.ilk
c:\users\alex\documents\visual studio 2013\projects\lab8\debug\lab8.exe
c:\users\alex\documents\visual studio 2013\projects\lab8\debug\lab8.pdb
c:\users\alex\documents\visual studio 2013\projects\lab8\lab8\debug\lab8.tlog\cl.command.1.tlog
c:\users\alex\documents\visual studio 2013\projects\lab8\lab8\debug\lab8.tlog\cl.read.1.tlog
c:\users\alex\documents\visual studio 2013\projects\lab8\lab8\debug\lab8.tlog\cl.write.1.tlog
c:\users\alex\documents\visual studio 2013\projects\lab8\lab8\debug\lab8.tlog\link.command.1.tlog
c:\users\alex\documents\visual studio 2013\projects\lab8\lab8\debug\lab8.tlog\link.read.1.tlog
c:\users\alex\documents\visual studio 2013\projects\lab8\lab8\debug\lab8.tlog\link.write.1.tlog
